[USER=Antoine-531] 
----------------------------------------------------
 EMAIL SIMULATED
→ To user: Antoine-531
→ Subject: Welcome!
→ Body:
Hello Antoine, your account is created
→ OccurredAt: 2026-04-19T14:56:14.087511844Z
----------------------------------------------------

[USER=titi-966] 
----------------------------------------------------
 EMAIL SIMULATED
→ To user: titi-966
→ Subject: Welcome!
→ Body:
Hello titi, your account is created
→ OccurredAt: 2026-04-19T15:35:55.838660228Z
----------------------------------------------------

[USER=titzi-351] 
----------------------------------------------------
 EMAIL SIMULATED
→ To user: titzi-351
→ Subject: Welcome!
→ Body:
Hello titzi, your account is created
→ OccurredAt: 2026-04-19T15:36:49.118782101Z
----------------------------------------------------

[USER=titaai-384] 
----------------------------------------------------
 EMAIL SIMULATED
→ To user: titaai-384
→ Subject: Welcome!
→ Body:
Hello titaai, your account is created
→ OccurredAt: 2026-04-19T15:37:38.609155441Z
----------------------------------------------------

[USER=titaai-213] 
----------------------------------------------------
 EMAIL SIMULATED
→ To user: titaai-213
→ Subject: Welcome!
→ Body:
Hello titaai, your account is created
→ OccurredAt: 2026-04-19T15:46:27.162207103Z
----------------------------------------------------

[USER=Antoine-753] 
----------------------------------------------------
 EMAIL SIMULATED
→ To user: Antoine-753
→ Subject: Welcome!
→ Body:
Hello Antoine, your account is created
→ OccurredAt: 2026-04-19T15:49:07.517166830Z
----------------------------------------------------

[USER=titaai-577] 
----------------------------------------------------
 EMAIL SIMULATED
→ To user: titaai-577
→ Subject: Welcome!
→ Body:
Hello titaai, your account is created
→ OccurredAt: 2026-04-19T17:30:51.004850004Z
----------------------------------------------------

[USER=titaai-087] 
----------------------------------------------------
 EMAIL SIMULATED
→ To user: titaai-087
→ Subject: Welcome!
→ Body:
Hello titaai, your account is created
→ OccurredAt: 2026-04-19T17:38:14.913767466Z
----------------------------------------------------

[USER=titaai-462] 
----------------------------------------------------
 EMAIL SIMULATED
→ To user: titaai-462
→ Subject: Welcome!
→ Body:
Hello titaai, your account is created
→ OccurredAt: 2026-04-19T18:03:32.568726863Z
----------------------------------------------------

[USER=Antoine-856] 
----------------------------------------------------
 EMAIL SIMULATED
→ To user: Antoine-856
→ Subject: Welcome!
→ Body:
Hello Antoine, your account is created
→ OccurredAt: 2026-04-19T18:24:48.514752478Z
----------------------------------------------------

[USER=Antoine-101] 
----------------------------------------------------
 EMAIL SIMULATED
→ To user: Antoine-101
→ Subject: Welcome!
→ Body:
Hello Antoine, your account is created
→ OccurredAt: 2026-04-19T18:36:04.643528105Z
----------------------------------------------------

