[USER=E2EUser-160] 
----------------------------------------------------
 EMAIL SIMULATED
→ To user: E2EUser-160
→ Subject: Welcome!
→ Body:
Hello E2EUser, your account is created
→ OccurredAt: 2026-04-25T14:03:51.377939610Z
----------------------------------------------------

[USER=E2EUser-160] 
----------------------------------------------------
 EMAIL SIMULATED
→ To user: E2EUser-160
→ Subject: Delivery Created
→ Body:
Your delivery order-0001 has been created
→ OccurredAt: 2026-04-25T14:03:51.577849663Z
----------------------------------------------------

[USER=E2EUser-160] 
----------------------------------------------------
 EMAIL SIMULATED
→ To user: E2EUser-160
→ Subject: Payment Success
→ Body:
Payment successful for delivery order-0001
→ OccurredAt: 2026-04-25T14:03:52.746792089Z
----------------------------------------------------

[USER=E2EUser-900] 
----------------------------------------------------
 EMAIL SIMULATED
→ To user: E2EUser-900
→ Subject: Welcome!
→ Body:
Hello E2EUser, your account is created
→ OccurredAt: 2026-04-25T14:04:07.009778444Z
----------------------------------------------------

[USER=E2EUser-900] 
----------------------------------------------------
 EMAIL SIMULATED
→ To user: E2EUser-900
→ Subject: Delivery Created
→ Body:
Your delivery order-0002 has been created
→ OccurredAt: 2026-04-25T14:04:07.030327940Z
----------------------------------------------------

[USER=E2EUser-900] 
----------------------------------------------------
 EMAIL SIMULATED
→ To user: E2EUser-900
→ Subject: Payment Success
→ Body:
Payment successful for delivery order-0002
→ OccurredAt: 2026-04-25T14:04:09.078237623Z
----------------------------------------------------

[USER=Demo-278] 
----------------------------------------------------
 EMAIL SIMULATED
→ To user: Demo-278
→ Subject: Welcome!
→ Body:
Hello Demo, your account is created
→ OccurredAt: 2026-04-25T14:08:01.139442166Z
----------------------------------------------------

[USER=Demo-880] 
----------------------------------------------------
 EMAIL SIMULATED
→ To user: Demo-880
→ Subject: Welcome!
→ Body:
Hello Demo, your account is created
→ OccurredAt: 2026-04-25T14:10:14.486679382Z
----------------------------------------------------

[USER=Demo-880] 
----------------------------------------------------
 EMAIL SIMULATED
→ To user: Demo-880
→ Subject: Delivery Created
→ Body:
Your delivery order-0003 has been created
→ OccurredAt: 2026-04-25T14:10:14.528075656Z
----------------------------------------------------

[USER=Demo-880] 
----------------------------------------------------
 EMAIL SIMULATED
→ To user: Demo-880
→ Subject: Payment Success
→ Body:
Payment successful for delivery order-0003
→ OccurredAt: 2026-04-25T14:10:17.568984910Z
----------------------------------------------------

[USER=E2EUser-156] 
----------------------------------------------------
 EMAIL SIMULATED
→ To user: E2EUser-156
→ Subject: Welcome!
→ Body:
Hello E2EUser, your account is created
→ OccurredAt: 2026-04-25T14:15:12.505770986Z
----------------------------------------------------

[USER=E2EUser-156] 
----------------------------------------------------
 EMAIL SIMULATED
→ To user: E2EUser-156
→ Subject: Delivery Created
→ Body:
Your delivery order-0001 has been created
→ OccurredAt: 2026-04-25T14:15:12.749020819Z
----------------------------------------------------

[USER=E2EUser-156] 
----------------------------------------------------
 EMAIL SIMULATED
→ To user: E2EUser-156
→ Subject: Payment Success
→ Body:
Payment successful for delivery order-0001
→ OccurredAt: 2026-04-25T14:15:14.075591744Z
----------------------------------------------------

[USER=Demo-260] 
----------------------------------------------------
 EMAIL SIMULATED
→ To user: Demo-260
→ Subject: Welcome!
→ Body:
Hello Demo, your account is created
→ OccurredAt: 2026-04-25T14:15:34.871032070Z
----------------------------------------------------

[USER=Demo-260] 
----------------------------------------------------
 EMAIL SIMULATED
→ To user: Demo-260
→ Subject: Delivery Created
→ Body:
Your delivery order-0002 has been created
→ OccurredAt: 2026-04-25T14:15:34.912210240Z
----------------------------------------------------

[USER=Demo-260] 
----------------------------------------------------
 EMAIL SIMULATED
→ To user: Demo-260
→ Subject: Payment Success
→ Body:
Payment successful for delivery order-0002
→ OccurredAt: 2026-04-25T14:15:36.963742542Z
----------------------------------------------------

[USER=E2EUser-128] 
----------------------------------------------------
 EMAIL SIMULATED
→ To user: E2EUser-128
→ Subject: Welcome!
→ Body:
Hello E2EUser, your account is created
→ OccurredAt: 2026-04-25T14:29:03.414431200Z
----------------------------------------------------

[USER=E2EUser-128] 
----------------------------------------------------
 EMAIL SIMULATED
→ To user: E2EUser-128
→ Subject: Delivery Created
→ Body:
Your delivery order-0003 has been created
→ OccurredAt: 2026-04-25T14:29:03.445033892Z
----------------------------------------------------

[USER=E2EUser-128] 
----------------------------------------------------
 EMAIL SIMULATED
→ To user: E2EUser-128
→ Subject: Payment Failed
→ Body:
Payment failed: external-failed
→ OccurredAt: 2026-04-25T14:29:06.482373669Z
----------------------------------------------------

[USER=E2EUser-128] 
----------------------------------------------------
 EMAIL SIMULATED
→ To user: E2EUser-128
→ Subject: Delivery Failed
→ Body:
Delivery failed: Payment failed
→ OccurredAt: 2026-04-25T14:29:06.503294994Z
----------------------------------------------------

